time="2024-09-09 21:09:47" level=info msg="shutting down the server" Environment=Production
time="2024-09-09 21:09:47" level=info msg="Server shutdown" Environment=Production
time="2024-09-09 21:09:47" level=info msg="shutting down the server" Environment=Production
time="2024-09-09 21:10:10" level=info msg="Skipping AutoMigrate and AutoDrop." Environment=Production
time="2024-09-09 21:10:39" level=info msg="Skipping AutoMigrate and AutoDrop." Environment=Development
time="2024-09-09 21:33:53" level=info msg="Skipping AutoMigrate and AutoDrop." Environment=Development
time="2024-09-11 01:40:05" level=info msg="Skipping AutoMigrate and AutoDrop." Environment=Development
time="2024-09-11 01:41:55" level=info msg="Skipping AutoMigrate and AutoDrop." Environment=Development
time="2024-09-11 01:42:22" level=info msg="Skipping AutoMigrate and AutoDrop." Environment=Development
time="2024-09-11 01:43:42" level=info msg="Skipping AutoMigrate and AutoDrop." Environment=Development
time="2024-09-11 01:44:38" level=info msg="Skipping AutoMigrate and AutoDrop." Environment=Development
time="2024-09-11 01:45:06" level=info msg="Skipping AutoMigrate and AutoDrop." Environment=Development
time="2024-09-11 01:45:16" level=info msg="Skipping AutoMigrate and AutoDrop." Environment=Development
time="2024-09-11 01:46:45" level=info msg="Skipping AutoMigrate and AutoDrop." Environment=Development
time="2024-09-11 01:47:00" level=info msg="Skipping AutoMigrate and AutoDrop." Environment=Development
time="2024-09-11 01:47:04" level=info msg="Skipping AutoMigrate and AutoDrop." Environment=Development
time="2024-09-11 01:47:22" level=info msg="Skipping AutoMigrate and AutoDrop." Environment=Development
time="2024-09-11 01:47:27" level=info msg="Skipping AutoMigrate and AutoDrop." Environment=Development
time="2024-09-11 01:48:35" level=info msg="Skipping AutoMigrate and AutoDrop." Environment=Development
time="2024-09-11 01:49:04" level=info msg="Skipping AutoMigrate and AutoDrop." Environment=Development
time="2024-09-11 01:51:22" level=info msg="Skipping AutoMigrate and AutoDrop." Environment=Development
time="2024-09-11 01:51:27" level=info msg="Skipping AutoMigrate and AutoDrop." Environment=Development
time="2024-09-11 01:54:26" level=info msg="Skipping AutoMigrate and AutoDrop." Environment=Development
time="2024-09-11 01:55:00" level=info msg="Skipping AutoMigrate and AutoDrop." Environment=Development
time="2024-09-11 01:55:51" level=info msg="Skipping AutoMigrate and AutoDrop." Environment=Development
time="2024-09-11 01:56:07" level=info msg="Skipping AutoMigrate and AutoDrop." Environment=Development
time="2024-09-11 01:57:25" level=info msg="Skipping AutoMigrate and AutoDrop." Environment=Development
time="2024-09-11 02:00:29" level=info msg="Skipping AutoMigrate and AutoDrop." Environment=Development
time="2024-09-11 02:00:39" level=info msg="Skipping AutoMigrate and AutoDrop." Environment=Development
time="2024-09-11 02:00:48" level=info msg="Skipping AutoMigrate and AutoDrop." Environment=Development
time="2024-09-11 02:00:57" level=info msg="Skipping AutoMigrate and AutoDrop." Environment=Development
time="2024-09-11 02:01:03" level=info msg="Skipping AutoMigrate and AutoDrop." Environment=Development
time="2024-09-11 02:01:33" level=info msg="Skipping AutoMigrate and AutoDrop." Environment=Development
time="2024-09-11 02:01:52" level=info msg="Skipping AutoMigrate and AutoDrop." Environment=Development
time="2024-09-11 02:02:02" level=info msg="Skipping AutoMigrate and AutoDrop." Environment=Development
time="2024-09-11 02:02:20" level=info msg="Skipping AutoMigrate and AutoDrop." Environment=Development
time="2024-09-11 02:03:14" level=info msg="Skipping AutoMigrate and AutoDrop." Environment=Development
time="2024-09-11 02:04:08" level=info msg="Skipping AutoMigrate and AutoDrop." Environment=Development
time="2024-09-11 02:04:43" level=info msg="Skipping AutoMigrate and AutoDrop." Environment=Development
time="2024-09-11 02:05:26" level=info msg="Skipping AutoMigrate and AutoDrop." Environment=Development
time="2024-09-11 02:05:37" level=info msg="Skipping AutoMigrate and AutoDrop." Environment=Development
time="2024-09-11 02:06:10" level=info msg="Skipping AutoMigrate and AutoDrop." Environment=Development
time="2024-09-11 02:06:18" level=info msg="Skipping AutoMigrate and AutoDrop." Environment=Development
time="2024-09-11 02:06:23" level=info msg="Skipping AutoMigrate and AutoDrop." Environment=Development
time="2024-09-12 01:29:21" level=info msg="Skipping AutoMigrate and AutoDrop." Environment=Development
time="2024-09-12 01:31:18" level=info msg="Skipping AutoMigrate and AutoDrop." Environment=Development
time="2024-09-12 01:32:31" level=info msg="Skipping AutoMigrate and AutoDrop." Environment=Development
time="2024-09-12 01:34:37" level=info msg="Skipping AutoMigrate and AutoDrop." Environment=Development
time="2024-09-12 01:34:40" level=info msg="shutting down the server" Environment=Development
time="2024-09-12 01:34:40" level=info msg="Server shutdown" Environment=Development
time="2024-09-12 01:34:40" level=info msg="shutting down the server" Environment=Development
time="2024-09-12 01:35:02" level=info msg="Skipping AutoMigrate and AutoDrop." Environment=Development
time="2024-09-12 01:35:11" level=info msg="Skipping AutoMigrate and AutoDrop." Environment=Development
time="2024-09-12 01:35:25" level=info msg="Skipping AutoMigrate and AutoDrop." Environment=Development
time="2024-09-12 01:35:41" level=info msg="Skipping AutoMigrate and AutoDrop." Environment=Development
time="2024-09-12 01:35:43" level=info msg="Skipping AutoMigrate and AutoDrop." Environment=Development
time="2024-09-12 01:36:08" level=info msg="Skipping AutoMigrate and AutoDrop." Environment=Development
time="2024-09-12 01:39:21" level=info msg="Skipping AutoMigrate and AutoDrop." Environment=Development
time="2024-09-12 01:39:34" level=info msg="Skipping AutoMigrate and AutoDrop." Environment=Development
time="2024-09-12 01:40:32" level=info msg="Skipping AutoMigrate and AutoDrop." Environment=Development
time="2024-09-12 01:40:37" level=info msg="Skipping AutoMigrate and AutoDrop." Environment=Development
time="2024-09-12 01:40:42" level=info msg="Skipping AutoMigrate and AutoDrop." Environment=Development
time="2024-09-12 01:41:05" level=info msg="Skipping AutoMigrate and AutoDrop." Environment=Development
